build/app/intermediates/manifest_merge_blame_file/debug/processDebugMainManifest/manifest-merger-blame-debug-report.txt
1<?xml version="1.0" encoding="utf-8"?>
2<manifest xmlns:android="http://schemas.android.com/apk/res/android"
3    package="com.literasime.app"
4    android:versionCode="1"
5    android:versionName="1.0.0" >
6
7    <uses-sdk
8        android:minSdkVersion="23"
9        android:targetSdkVersion="35" />
10    <!--
11         The INTERNET permission is required for development. Specifically,
12         the Flutter tool needs it to communicate with the running application
13         to allow setting breakpoints, to provide hot reload, etc.
14    -->
15    <uses-permission android:name="android.permission.INTERNET" />
15-->src\debug\AndroidManifest.xml:6:5-66
15-->src\debug\AndroidManifest.xml:6:22-64
16    <!--
17     Required to query activities that can process text, see:
18         https://developer.android.com/training/package-visibility and
19         https://developer.android.com/reference/android/content/Intent#ACTION_PROCESS_TEXT.
20
21         In particular, this is used by the Flutter engine in io.flutter.plugin.text.ProcessTextPlugin.
22    -->
23    <queries>
23-->src\main\AndroidManifest.xml:41:5-46:15
24        <intent>
24-->src\main\AndroidManifest.xml:42:9-45:18
25            <action android:name="android.intent.action.PROCESS_TEXT" />
25-->src\main\AndroidManifest.xml:43:13-72
25-->src\main\AndroidManifest.xml:43:21-70
26
27            <data android:mimeType="text/plain" />
27-->src\main\AndroidManifest.xml:44:13-50
27-->src\main\AndroidManifest.xml:44:19-48
28        </intent>
29    </queries>
30
31    <uses-permission android:name="android.permission.CAMERA" />
31-->[:mobile_scanner] AndroidManifest.xml:7:5-65
31-->[:mobile_scanner] AndroidManifest.xml:7:22-62
32
33    <uses-feature
33-->[:mobile_scanner] AndroidManifest.xml:9:5-11:36
34        android:name="android.hardware.camera"
34-->[:mobile_scanner] AndroidManifest.xml:10:9-47
35        android:required="false" />
35-->[:mobile_scanner] AndroidManifest.xml:11:9-33
36
37    <uses-permission android:name="android.permission.ACCESS_NETWORK_STATE" />
37-->[com.google.firebase:firebase-auth:23.2.0] AndroidManifest.xml:26:5-79
37-->[com.google.firebase:firebase-auth:23.2.0] AndroidManifest.xml:26:22-76
38    <uses-permission android:name="com.google.android.providers.gsf.permission.READ_GSERVICES" />
38-->[com.google.android.recaptcha:recaptcha:18.6.1] AndroidManifest.xml:9:5-98
38-->[com.google.android.recaptcha:recaptcha:18.6.1] AndroidManifest.xml:9:22-95
39
40    <permission
40-->[androidx.core:core:1.13.1] AndroidManifest.xml:22:5-24:47
41        android:name="com.literasime.app.DYNAMIC_RECEIVER_NOT_EXPORTED_PERMISSION"
41-->[androidx.core:core:1.13.1] AndroidManifest.xml:23:9-81
42        android:protectionLevel="signature" />
42-->[androidx.core:core:1.13.1] AndroidManifest.xml:24:9-44
43
44    <uses-permission android:name="com.literasime.app.DYNAMIC_RECEIVER_NOT_EXPORTED_PERMISSION" />
44-->[androidx.core:core:1.13.1] AndroidManifest.xml:26:5-97
44-->[androidx.core:core:1.13.1] AndroidManifest.xml:26:22-94
45
46    <application
47        android:name="android.app.Application"
48        android:appComponentFactory="androidx.core.app.CoreComponentFactory"
48-->[androidx.core:core:1.13.1] AndroidManifest.xml:28:18-86
49        android:debuggable="true"
50        android:extractNativeLibs="false"
51        android:icon="@mipmap/ic_launcher"
52        android:label="literasime" >
53        <activity
54            android:name="com.literasime.app.MainActivity"
55            android:configChanges="orientation|keyboardHidden|keyboard|screenSize|smallestScreenSize|locale|layoutDirection|fontScale|screenLayout|density|uiMode"
56            android:exported="true"
57            android:hardwareAccelerated="true"
58            android:launchMode="singleTop"
59            android:taskAffinity=""
60            android:theme="@style/LaunchTheme"
61            android:windowSoftInputMode="adjustResize" >
62
63            <!--
64                 Specifies an Android theme to apply to this Activity as soon as
65                 the Android process has started. This theme is visible to the user
66                 while the Flutter UI initializes. After that, this theme continues
67                 to determine the Window background behind the Flutter UI.
68            -->
69            <meta-data
70                android:name="io.flutter.embedding.android.NormalTheme"
71                android:resource="@style/NormalTheme" />
72
73            <intent-filter>
74                <action android:name="android.intent.action.MAIN" />
75
76                <category android:name="android.intent.category.LAUNCHER" />
77            </intent-filter>
78        </activity>
79        <!--
80             Don't delete the meta-data below.
81             This is used by the Flutter tool to generate GeneratedPluginRegistrant.java
82        -->
83        <meta-data
84            android:name="flutterEmbedding"
85            android:value="2" />
86        <!--
87        Service for holding metadata. Cannot be instantiated.
88        Metadata will be merged from other manifests.
89        -->
90        <service
90-->[androidx.camera:camera-core:1.4.2] AndroidManifest.xml:29:9-33:78
91            android:name="androidx.camera.core.impl.MetadataHolderService"
91-->[androidx.camera:camera-core:1.4.2] AndroidManifest.xml:30:13-75
92            android:enabled="false"
92-->[androidx.camera:camera-core:1.4.2] AndroidManifest.xml:31:13-36
93            android:exported="false" >
93-->[androidx.camera:camera-core:1.4.2] AndroidManifest.xml:32:13-37
94            <meta-data
94-->[androidx.camera:camera-camera2:1.4.2] AndroidManifest.xml:30:13-32:89
95                android:name="androidx.camera.core.impl.MetadataHolderService.DEFAULT_CONFIG_PROVIDER"
95-->[androidx.camera:camera-camera2:1.4.2] AndroidManifest.xml:31:17-103
96                android:value="androidx.camera.camera2.Camera2Config$DefaultProvider" />
96-->[androidx.camera:camera-camera2:1.4.2] AndroidManifest.xml:32:17-86
97        </service>
98        <service
98-->[:cloud_firestore] AndroidManifest.xml:8:9-12:19
99            android:name="com.google.firebase.components.ComponentDiscoveryService"
99-->[:cloud_firestore] AndroidManifest.xml:8:18-89
100            android:directBootAware="true"
100-->[com.google.firebase:firebase-common:21.0.0] AndroidManifest.xml:32:13-43
101            android:exported="false" >
101-->[com.google.firebase:firebase-auth:23.2.0] AndroidManifest.xml:68:13-37
102            <meta-data
102-->[:cloud_firestore] AndroidManifest.xml:9:13-11:85
103                android:name="com.google.firebase.components:io.flutter.plugins.firebase.firestore.FlutterFirebaseFirestoreRegistrar"
103-->[:cloud_firestore] AndroidManifest.xml:10:17-134
104                android:value="com.google.firebase.components.ComponentRegistrar" />
104-->[:cloud_firestore] AndroidManifest.xml:11:17-82
105            <meta-data
105-->[:firebase_auth] AndroidManifest.xml:9:13-11:85
106                android:name="com.google.firebase.components:io.flutter.plugins.firebase.auth.FlutterFirebaseAuthRegistrar"
106-->[:firebase_auth] AndroidManifest.xml:10:17-124
107                android:value="com.google.firebase.components.ComponentRegistrar" />
107-->[:firebase_auth] AndroidManifest.xml:11:17-82
108            <meta-data
108-->[:firebase_core] AndroidManifest.xml:9:13-11:85
109                android:name="com.google.firebase.components:io.flutter.plugins.firebase.core.FlutterFirebaseCoreRegistrar"
109-->[:firebase_core] AndroidManifest.xml:10:17-124
110                android:value="com.google.firebase.components.ComponentRegistrar" />
110-->[:firebase_core] AndroidManifest.xml:11:17-82
111            <meta-data
111-->[com.google.firebase:firebase-auth:23.2.0] AndroidManifest.xml:69:13-71:85
112                android:name="com.google.firebase.components:com.google.firebase.auth.FirebaseAuthRegistrar"
112-->[com.google.firebase:firebase-auth:23.2.0] AndroidManifest.xml:70:17-109
113                android:value="com.google.firebase.components.ComponentRegistrar" />
113-->[com.google.firebase:firebase-auth:23.2.0] AndroidManifest.xml:71:17-82
114            <meta-data
114-->[com.google.firebase:firebase-firestore:25.1.3] AndroidManifest.xml:17:13-19:85
115                android:name="com.google.firebase.components:com.google.firebase.firestore.FirebaseFirestoreKtxRegistrar"
115-->[com.google.firebase:firebase-firestore:25.1.3] AndroidManifest.xml:18:17-122
116                android:value="com.google.firebase.components.ComponentRegistrar" />
116-->[com.google.firebase:firebase-firestore:25.1.3] AndroidManifest.xml:19:17-82
117            <meta-data
117-->[com.google.firebase:firebase-firestore:25.1.3] AndroidManifest.xml:20:13-22:85
118                android:name="com.google.firebase.components:com.google.firebase.firestore.FirestoreRegistrar"
118-->[com.google.firebase:firebase-firestore:25.1.3] AndroidManifest.xml:21:17-111
119                android:value="com.google.firebase.components.ComponentRegistrar" />
119-->[com.google.firebase:firebase-firestore:25.1.3] AndroidManifest.xml:22:17-82
120            <meta-data
120-->[com.google.firebase:firebase-common-ktx:21.0.0] AndroidManifest.xml:12:13-14:85
121                android:name="com.google.firebase.components:com.google.firebase.ktx.FirebaseCommonLegacyRegistrar"
121-->[com.google.firebase:firebase-common-ktx:21.0.0] AndroidManifest.xml:13:17-116
122                android:value="com.google.firebase.components.ComponentRegistrar" />
122-->[com.google.firebase:firebase-common-ktx:21.0.0] AndroidManifest.xml:14:17-82
123            <meta-data
123-->[com.google.firebase:firebase-common:21.0.0] AndroidManifest.xml:35:13-37:85
124                android:name="com.google.firebase.components:com.google.firebase.FirebaseCommonKtxRegistrar"
124-->[com.google.firebase:firebase-common:21.0.0] AndroidManifest.xml:36:17-109
125                android:value="com.google.firebase.components.ComponentRegistrar" />
125-->[com.google.firebase:firebase-common:21.0.0] AndroidManifest.xml:37:17-82
126        </service>
127
128        <activity
128-->[:url_launcher_android] AndroidManifest.xml:8:9-11:74
129            android:name="io.flutter.plugins.urllauncher.WebViewActivity"
129-->[:url_launcher_android] AndroidManifest.xml:9:13-74
130            android:exported="false"
130-->[:url_launcher_android] AndroidManifest.xml:10:13-37
131            android:theme="@android:style/Theme.NoTitleBar.Fullscreen" />
131-->[:url_launcher_android] AndroidManifest.xml:11:13-71
132        <activity
132-->[com.google.firebase:firebase-auth:23.2.0] AndroidManifest.xml:29:9-46:20
133            android:name="com.google.firebase.auth.internal.GenericIdpActivity"
133-->[com.google.firebase:firebase-auth:23.2.0] AndroidManifest.xml:30:13-80
134            android:excludeFromRecents="true"
134-->[com.google.firebase:firebase-auth:23.2.0] AndroidManifest.xml:31:13-46
135            android:exported="true"
135-->[com.google.firebase:firebase-auth:23.2.0] AndroidManifest.xml:32:13-36
136            android:launchMode="singleTask"
136-->[com.google.firebase:firebase-auth:23.2.0] AndroidManifest.xml:33:13-44
137            android:theme="@android:style/Theme.Translucent.NoTitleBar" >
137-->[com.google.firebase:firebase-auth:23.2.0] AndroidManifest.xml:34:13-72
138            <intent-filter>
138-->[com.google.firebase:firebase-auth:23.2.0] AndroidManifest.xml:35:13-45:29
139                <action android:name="android.intent.action.VIEW" />
139-->[com.google.firebase:firebase-auth:23.2.0] AndroidManifest.xml:36:17-69
139-->[com.google.firebase:firebase-auth:23.2.0] AndroidManifest.xml:36:25-66
140
141                <category android:name="android.intent.category.DEFAULT" />
141-->[com.google.firebase:firebase-auth:23.2.0] AndroidManifest.xml:38:17-76
141-->[com.google.firebase:firebase-auth:23.2.0] AndroidManifest.xml:38:27-73
142                <category android:name="android.intent.category.BROWSABLE" />
142-->[com.google.firebase:firebase-auth:23.2.0] AndroidManifest.xml:39:17-78
142-->[com.google.firebase:firebase-auth:23.2.0] AndroidManifest.xml:39:27-75
143
144                <data
144-->src\main\AndroidManifest.xml:44:13-50
145                    android:host="firebase.auth"
146                    android:path="/"
147                    android:scheme="genericidp" />
148            </intent-filter>
149        </activity>
150        <activity
150-->[com.google.firebase:firebase-auth:23.2.0] AndroidManifest.xml:47:9-64:20
151            android:name="com.google.firebase.auth.internal.RecaptchaActivity"
151-->[com.google.firebase:firebase-auth:23.2.0] AndroidManifest.xml:48:13-79
152            android:excludeFromRecents="true"
152-->[com.google.firebase:firebase-auth:23.2.0] AndroidManifest.xml:49:13-46
153            android:exported="true"
153-->[com.google.firebase:firebase-auth:23.2.0] AndroidManifest.xml:50:13-36
154            android:launchMode="singleTask"
154-->[com.google.firebase:firebase-auth:23.2.0] AndroidManifest.xml:51:13-44
155            android:theme="@android:style/Theme.Translucent.NoTitleBar" >
155-->[com.google.firebase:firebase-auth:23.2.0] AndroidManifest.xml:52:13-72
156            <intent-filter>
156-->[com.google.firebase:firebase-auth:23.2.0] AndroidManifest.xml:53:13-63:29
157                <action android:name="android.intent.action.VIEW" />
157-->[com.google.firebase:firebase-auth:23.2.0] AndroidManifest.xml:36:17-69
157-->[com.google.firebase:firebase-auth:23.2.0] AndroidManifest.xml:36:25-66
158
159                <category android:name="android.intent.category.DEFAULT" />
159-->[com.google.firebase:firebase-auth:23.2.0] AndroidManifest.xml:38:17-76
159-->[com.google.firebase:firebase-auth:23.2.0] AndroidManifest.xml:38:27-73
160                <category android:name="android.intent.category.BROWSABLE" />
160-->[com.google.firebase:firebase-auth:23.2.0] AndroidManifest.xml:39:17-78
160-->[com.google.firebase:firebase-auth:23.2.0] AndroidManifest.xml:39:27-75
161
162                <data
162-->src\main\AndroidManifest.xml:44:13-50
163                    android:host="firebase.auth"
164                    android:path="/"
165                    android:scheme="recaptcha" />
166            </intent-filter>
167        </activity>
168
169        <uses-library
169-->[androidx.window:window:1.2.0] AndroidManifest.xml:23:9-25:40
170            android:name="androidx.window.extensions"
170-->[androidx.window:window:1.2.0] AndroidManifest.xml:24:13-54
171            android:required="false" />
171-->[androidx.window:window:1.2.0] AndroidManifest.xml:25:13-37
172        <uses-library
172-->[androidx.window:window:1.2.0] AndroidManifest.xml:26:9-28:40
173            android:name="androidx.window.sidecar"
173-->[androidx.window:window:1.2.0] AndroidManifest.xml:27:13-51
174            android:required="false" />
174-->[androidx.window:window:1.2.0] AndroidManifest.xml:28:13-37
175
176        <service
176-->[androidx.credentials:credentials-play-services-auth:1.2.0-rc01] AndroidManifest.xml:24:9-32:19
177            android:name="androidx.credentials.playservices.CredentialProviderMetadataHolder"
177-->[androidx.credentials:credentials-play-services-auth:1.2.0-rc01] AndroidManifest.xml:25:13-94
178            android:enabled="true"
178-->[androidx.credentials:credentials-play-services-auth:1.2.0-rc01] AndroidManifest.xml:26:13-35
179            android:exported="false" >
179-->[androidx.credentials:credentials-play-services-auth:1.2.0-rc01] AndroidManifest.xml:27:13-37
180            <meta-data
180-->[androidx.credentials:credentials-play-services-auth:1.2.0-rc01] AndroidManifest.xml:29:13-31:104
181                android:name="androidx.credentials.CREDENTIAL_PROVIDER_KEY"
181-->[androidx.credentials:credentials-play-services-auth:1.2.0-rc01] AndroidManifest.xml:30:17-76
182                android:value="androidx.credentials.playservices.CredentialProviderPlayServicesImpl" />
182-->[androidx.credentials:credentials-play-services-auth:1.2.0-rc01] AndroidManifest.xml:31:17-101
183        </service>
184
185        <activity
185-->[androidx.credentials:credentials-play-services-auth:1.2.0-rc01] AndroidManifest.xml:34:9-41:20
186            android:name="androidx.credentials.playservices.HiddenActivity"
186-->[androidx.credentials:credentials-play-services-auth:1.2.0-rc01] AndroidManifest.xml:35:13-76
187            android:configChanges="orientation|screenSize|screenLayout|keyboardHidden"
187-->[androidx.credentials:credentials-play-services-auth:1.2.0-rc01] AndroidManifest.xml:36:13-87
188            android:enabled="true"
188-->[androidx.credentials:credentials-play-services-auth:1.2.0-rc01] AndroidManifest.xml:37:13-35
189            android:exported="false"
189-->[androidx.credentials:credentials-play-services-auth:1.2.0-rc01] AndroidManifest.xml:38:13-37
190            android:fitsSystemWindows="true"
190-->[androidx.credentials:credentials-play-services-auth:1.2.0-rc01] AndroidManifest.xml:39:13-45
191            android:theme="@style/Theme.Hidden" >
191-->[androidx.credentials:credentials-play-services-auth:1.2.0-rc01] AndroidManifest.xml:40:13-48
192        </activity>
193        <activity
193-->[com.google.android.gms:play-services-auth:21.0.0] AndroidManifest.xml:23:9-27:75
194            android:name="com.google.android.gms.auth.api.signin.internal.SignInHubActivity"
194-->[com.google.android.gms:play-services-auth:21.0.0] AndroidManifest.xml:24:13-93
195            android:excludeFromRecents="true"
195-->[com.google.android.gms:play-services-auth:21.0.0] AndroidManifest.xml:25:13-46
196            android:exported="false"
196-->[com.google.android.gms:play-services-auth:21.0.0] AndroidManifest.xml:26:13-37
197            android:theme="@android:style/Theme.Translucent.NoTitleBar" />
197-->[com.google.android.gms:play-services-auth:21.0.0] AndroidManifest.xml:27:13-72
198        <!--
199            Service handling Google Sign-In user revocation. For apps that do not integrate with
200            Google Sign-In, this service will never be started.
201        -->
202        <service
202-->[com.google.android.gms:play-services-auth:21.0.0] AndroidManifest.xml:33:9-37:51
203            android:name="com.google.android.gms.auth.api.signin.RevocationBoundService"
203-->[com.google.android.gms:play-services-auth:21.0.0] AndroidManifest.xml:34:13-89
204            android:exported="true"
204-->[com.google.android.gms:play-services-auth:21.0.0] AndroidManifest.xml:35:13-36
205            android:permission="com.google.android.gms.auth.api.signin.permission.REVOCATION_NOTIFICATION"
205-->[com.google.android.gms:play-services-auth:21.0.0] AndroidManifest.xml:36:13-107
206            android:visibleToInstantApps="true" />
206-->[com.google.android.gms:play-services-auth:21.0.0] AndroidManifest.xml:37:13-48
207
208        <provider
208-->[com.google.firebase:firebase-common:21.0.0] AndroidManifest.xml:23:9-28:39
209            android:name="com.google.firebase.provider.FirebaseInitProvider"
209-->[com.google.firebase:firebase-common:21.0.0] AndroidManifest.xml:24:13-77
210            android:authorities="com.literasime.app.firebaseinitprovider"
210-->[com.google.firebase:firebase-common:21.0.0] AndroidManifest.xml:25:13-72
211            android:directBootAware="true"
211-->[com.google.firebase:firebase-common:21.0.0] AndroidManifest.xml:26:13-43
212            android:exported="false"
212-->[com.google.firebase:firebase-common:21.0.0] AndroidManifest.xml:27:13-37
213            android:initOrder="100" />
213-->[com.google.firebase:firebase-common:21.0.0] AndroidManifest.xml:28:13-36
214
215        <service
215-->[com.google.android.gms:play-services-mlkit-barcode-scanning:18.3.1] AndroidManifest.xml:9:9-15:19
216            android:name="com.google.mlkit.common.internal.MlKitComponentDiscoveryService"
216-->[com.google.android.gms:play-services-mlkit-barcode-scanning:18.3.1] AndroidManifest.xml:10:13-91
217            android:directBootAware="true"
217-->[com.google.mlkit:common:18.11.0] AndroidManifest.xml:17:13-43
218            android:exported="false" >
218-->[com.google.android.gms:play-services-mlkit-barcode-scanning:18.3.1] AndroidManifest.xml:11:13-37
219            <meta-data
219-->[com.google.android.gms:play-services-mlkit-barcode-scanning:18.3.1] AndroidManifest.xml:12:13-14:85
220                android:name="com.google.firebase.components:com.google.mlkit.vision.barcode.internal.BarcodeRegistrar"
220-->[com.google.android.gms:play-services-mlkit-barcode-scanning:18.3.1] AndroidManifest.xml:13:17-120
221                android:value="com.google.firebase.components.ComponentRegistrar" />
221-->[com.google.android.gms:play-services-mlkit-barcode-scanning:18.3.1] AndroidManifest.xml:14:17-82
222            <meta-data
222-->[com.google.mlkit:vision-common:17.3.0] AndroidManifest.xml:12:13-14:85
223                android:name="com.google.firebase.components:com.google.mlkit.vision.common.internal.VisionCommonRegistrar"
223-->[com.google.mlkit:vision-common:17.3.0] AndroidManifest.xml:13:17-124
224                android:value="com.google.firebase.components.ComponentRegistrar" />
224-->[com.google.mlkit:vision-common:17.3.0] AndroidManifest.xml:14:17-82
225            <meta-data
225-->[com.google.mlkit:common:18.11.0] AndroidManifest.xml:20:13-22:85
226                android:name="com.google.firebase.components:com.google.mlkit.common.internal.CommonComponentRegistrar"
226-->[com.google.mlkit:common:18.11.0] AndroidManifest.xml:21:17-120
227                android:value="com.google.firebase.components.ComponentRegistrar" />
227-->[com.google.mlkit:common:18.11.0] AndroidManifest.xml:22:17-82
228        </service>
229
230        <provider
230-->[com.google.mlkit:common:18.11.0] AndroidManifest.xml:9:9-13:38
231            android:name="com.google.mlkit.common.internal.MlKitInitProvider"
231-->[com.google.mlkit:common:18.11.0] AndroidManifest.xml:10:13-78
232            android:authorities="com.literasime.app.mlkitinitprovider"
232-->[com.google.mlkit:common:18.11.0] AndroidManifest.xml:11:13-69
233            android:exported="false"
233-->[com.google.mlkit:common:18.11.0] AndroidManifest.xml:12:13-37
234            android:initOrder="99" />
234-->[com.google.mlkit:common:18.11.0] AndroidManifest.xml:13:13-35
235
236        <activity
236-->[com.google.android.gms:play-services-base:18.5.0] AndroidManifest.xml:5:9-173
237            android:name="com.google.android.gms.common.api.GoogleApiActivity"
237-->[com.google.android.gms:play-services-base:18.5.0] AndroidManifest.xml:5:19-85
238            android:exported="false"
238-->[com.google.android.gms:play-services-base:18.5.0] AndroidManifest.xml:5:146-170
239            android:theme="@android:style/Theme.Translucent.NoTitleBar" />
239-->[com.google.android.gms:play-services-base:18.5.0] AndroidManifest.xml:5:86-145
240
241        <meta-data
241-->[com.google.android.gms:play-services-basement:18.4.0] AndroidManifest.xml:6:9-122
242            android:name="com.google.android.gms.version"
242-->[com.google.android.gms:play-services-basement:18.4.0] AndroidManifest.xml:6:20-65
243            android:value="@integer/google_play_services_version" />
243-->[com.google.android.gms:play-services-basement:18.4.0] AndroidManifest.xml:6:66-119
244
245        <provider
245-->[androidx.emoji2:emoji2:1.2.0] AndroidManifest.xml:24:9-32:20
246            android:name="androidx.startup.InitializationProvider"
246-->[androidx.emoji2:emoji2:1.2.0] AndroidManifest.xml:25:13-67
247            android:authorities="com.literasime.app.androidx-startup"
247-->[androidx.emoji2:emoji2:1.2.0] AndroidManifest.xml:26:13-68
248            android:exported="false" >
248-->[androidx.emoji2:emoji2:1.2.0] AndroidManifest.xml:27:13-37
249            <meta-data
249-->[androidx.emoji2:emoji2:1.2.0] AndroidManifest.xml:29:13-31:52
250                android:name="androidx.emoji2.text.EmojiCompatInitializer"
250-->[androidx.emoji2:emoji2:1.2.0] AndroidManifest.xml:30:17-75
251                android:value="androidx.startup" />
251-->[androidx.emoji2:emoji2:1.2.0] AndroidManifest.xml:31:17-49
252            <meta-data
252-->[androidx.lifecycle:lifecycle-process:2.7.0] AndroidManifest.xml:29:13-31:52
253                android:name="androidx.lifecycle.ProcessLifecycleInitializer"
253-->[androidx.lifecycle:lifecycle-process:2.7.0] AndroidManifest.xml:30:17-78
254                android:value="androidx.startup" />
254-->[androidx.lifecycle:lifecycle-process:2.7.0] AndroidManifest.xml:31:17-49
255            <meta-data
255-->[androidx.profileinstaller:profileinstaller:1.3.1] AndroidManifest.xml:29:13-31:52
256                android:name="androidx.profileinstaller.ProfileInstallerInitializer"
256-->[androidx.profileinstaller:profileinstaller:1.3.1] AndroidManifest.xml:30:17-85
257                android:value="androidx.startup" />
257-->[androidx.profileinstaller:profileinstaller:1.3.1] AndroidManifest.xml:31:17-49
258        </provider>
259
260        <receiver
260-->[androidx.profileinstaller:profileinstaller:1.3.1] AndroidManifest.xml:34:9-52:20
261            android:name="androidx.profileinstaller.ProfileInstallReceiver"
261-->[androidx.profileinstaller:profileinstaller:1.3.1] AndroidManifest.xml:35:13-76
262            android:directBootAware="false"
262-->[androidx.profileinstaller:profileinstaller:1.3.1] AndroidManifest.xml:36:13-44
263            android:enabled="true"
263-->[androidx.profileinstaller:profileinstaller:1.3.1] AndroidManifest.xml:37:13-35
264            android:exported="true"
264-->[androidx.profileinstaller:profileinstaller:1.3.1] AndroidManifest.xml:38:13-36
265            android:permission="android.permission.DUMP" >
265-->[androidx.profileinstaller:profileinstaller:1.3.1] AndroidManifest.xml:39:13-57
266            <intent-filter>
266-->[androidx.profileinstaller:profileinstaller:1.3.1] AndroidManifest.xml:40:13-42:29
267                <action android:name="androidx.profileinstaller.action.INSTALL_PROFILE" />
267-->[androidx.profileinstaller:profileinstaller:1.3.1] AndroidManifest.xml:41:17-91
267-->[androidx.profileinstaller:profileinstaller:1.3.1] AndroidManifest.xml:41:25-88
268            </intent-filter>
269            <intent-filter>
269-->[androidx.profileinstaller:profileinstaller:1.3.1] AndroidManifest.xml:43:13-45:29
270                <action android:name="androidx.profileinstaller.action.SKIP_FILE" />
270-->[androidx.profileinstaller:profileinstaller:1.3.1] AndroidManifest.xml:44:17-85
270-->[androidx.profileinstaller:profileinstaller:1.3.1] AndroidManifest.xml:44:25-82
271            </intent-filter>
272            <intent-filter>
272-->[androidx.profileinstaller:profileinstaller:1.3.1] AndroidManifest.xml:46:13-48:29
273                <action android:name="androidx.profileinstaller.action.SAVE_PROFILE" />
273-->[androidx.profileinstaller:profileinstaller:1.3.1] AndroidManifest.xml:47:17-88
273-->[androidx.profileinstaller:profileinstaller:1.3.1] AndroidManifest.xml:47:25-85
274            </intent-filter>
275            <intent-filter>
275-->[androidx.profileinstaller:profileinstaller:1.3.1] AndroidManifest.xml:49:13-51:29
276                <action android:name="androidx.profileinstaller.action.BENCHMARK_OPERATION" />
276-->[androidx.profileinstaller:profileinstaller:1.3.1] AndroidManifest.xml:50:17-95
276-->[androidx.profileinstaller:profileinstaller:1.3.1] AndroidManifest.xml:50:25-92
277            </intent-filter>
278        </receiver>
279
280        <service
280-->[com.google.android.datatransport:transport-backend-cct:2.3.3] AndroidManifest.xml:29:9-35:19
281            android:name="com.google.android.datatransport.runtime.backends.TransportBackendDiscovery"
281-->[com.google.android.datatransport:transport-backend-cct:2.3.3] AndroidManifest.xml:30:13-103
282            android:exported="false" >
282-->[com.google.android.datatransport:transport-backend-cct:2.3.3] AndroidManifest.xml:31:13-37
283            <meta-data
283-->[com.google.android.datatransport:transport-backend-cct:2.3.3] AndroidManifest.xml:32:13-34:39
284                android:name="backend:com.google.android.datatransport.cct.CctBackendFactory"
284-->[com.google.android.datatransport:transport-backend-cct:2.3.3] AndroidManifest.xml:33:17-94
285                android:value="cct" />
285-->[com.google.android.datatransport:transport-backend-cct:2.3.3] AndroidManifest.xml:34:17-36
286        </service>
287        <service
287-->[com.google.android.datatransport:transport-runtime:2.2.6] AndroidManifest.xml:26:9-30:19
288            android:name="com.google.android.datatransport.runtime.scheduling.jobscheduling.JobInfoSchedulerService"
288-->[com.google.android.datatransport:transport-runtime:2.2.6] AndroidManifest.xml:27:13-117
289            android:exported="false"
289-->[com.google.android.datatransport:transport-runtime:2.2.6] AndroidManifest.xml:28:13-37
290            android:permission="android.permission.BIND_JOB_SERVICE" >
290-->[com.google.android.datatransport:transport-runtime:2.2.6] AndroidManifest.xml:29:13-69
291        </service>
292
293        <receiver
293-->[com.google.android.datatransport:transport-runtime:2.2.6] AndroidManifest.xml:32:9-34:40
294            android:name="com.google.android.datatransport.runtime.scheduling.jobscheduling.AlarmManagerSchedulerBroadcastReceiver"
294-->[com.google.android.datatransport:transport-runtime:2.2.6] AndroidManifest.xml:33:13-132
295            android:exported="false" /> <!-- The activities will be merged into the manifest of the hosting app. -->
295-->[com.google.android.datatransport:transport-runtime:2.2.6] AndroidManifest.xml:34:13-37
296        <activity
296-->[com.google.android.play:core-common:2.0.3] AndroidManifest.xml:14:9-18:65
297            android:name="com.google.android.play.core.common.PlayCoreDialogWrapperActivity"